INFO  [JavaFX Application Thread]: Controller constructor on
INFO  [JavaFX Application Thread]: generated new medium board
INFO  [JavaFX Application Thread]: saved to: /home/antoni/Desktop/projects/(4) Component programming/mkw_th_1015_02/files/Sudoku_2019-05-31_10:56:40.txt
INFO  [JavaFX Application Thread]: generated new hard board
INFO  [JavaFX Application Thread]: generated new hard board
INFO  [JavaFX Application Thread]: saved to: /home/antoni/Desktop/projects/(4) Component programming/mkw_th_1015_02/files/Sudoku_2019-05-31_10:56:52.txt
INFO  [JavaFX Application Thread]: loaded from: /home/antoni/Desktop/projects/(4) Component programming/mkw_th_1015_02/files/Sudoku_2019-05-31_10:56:52.txt
INFO  [JavaFX Application Thread]: Controller constructor on
ERROR [JavaFX Application Thread]: "error with opening"
java.lang.NullPointerException
	at loadButtonFile(Controller.java:265)
	at sun.reflect.NativeMethodAccessorImpl.invoke0(Native Method)
	at sun.reflect.NativeMethodAccessorImpl.invoke(NativeMethodAccessorImpl.java:62)
	at sun.reflect.DelegatingMethodAccessorImpl.invoke(DelegatingMethodAccessorImpl.java:43)
	at java.lang.reflect.Method.invoke(Method.java:498)
	at sun.reflect.misc.Trampoline.invoke(MethodUtil.java:71)
	at sun.reflect.GeneratedMethodAccessor1.invoke(Unknown Source)
	at sun.reflect.DelegatingMethodAccessorImpl.invoke(DelegatingMethodAccessorImpl.java:43)
	at java.lang.reflect.Method.invoke(Method.java:498)
	at sun.reflect.misc.MethodUtil.invoke(MethodUtil.java:275)
	at javafx.fxml.FXMLLoader$MethodHandler.invoke(FXMLLoader.java:1771)
	at javafx.fxml.FXMLLoader$ControllerMethodEventHandler.handle(FXMLLoader.java:1657)
	at com.sun.javafx.event.CompositeEventHandler.dispatchBubblingEvent(CompositeEventHandler.java:86)
	at com.sun.javafx.event.EventHandlerManager.dispatchBubblingEvent(EventHandlerManager.java:238)
	at com.sun.javafx.event.EventHandlerManager.dispatchBubblingEvent(EventHandlerManager.java:191)
	at com.sun.javafx.event.CompositeEventDispatcher.dispatchBubblingEvent(CompositeEventDispatcher.java:59)
	at com.sun.javafx.event.BasicEventDispatcher.dispatchEvent(BasicEventDispatcher.java:58)
	at com.sun.javafx.event.EventDispatchChainImpl.dispatchEvent(EventDispatchChainImpl.java:114)
	at com.sun.javafx.event.BasicEventDispatcher.dispatchEvent(BasicEventDispatcher.java:56)
	at com.sun.javafx.event.EventDispatchChainImpl.dispatchEvent(EventDispatchChainImpl.java:114)
	at com.sun.javafx.event.BasicEventDispatcher.dispatchEvent(BasicEventDispatcher.java:56)
	at com.sun.javafx.event.EventDispatchChainImpl.dispatchEvent(EventDispatchChainImpl.java:114)
	at com.sun.javafx.event.EventUtil.fireEventImpl(EventUtil.java:74)
	at com.sun.javafx.event.EventUtil.fireEvent(EventUtil.java:49)
	at javafx.event.Event.fireEvent(Event.java:198)
	at javafx.scene.Node.fireEvent(Node.java:8411)
	at javafx.scene.control.Button.fire(Button.java:185)
	at com.sun.javafx.scene.control.behavior.ButtonBehavior.mouseReleased(ButtonBehavior.java:182)
	at com.sun.javafx.scene.control.skin.BehaviorSkinBase$1.handle(BehaviorSkinBase.java:96)
	at com.sun.javafx.scene.control.skin.BehaviorSkinBase$1.handle(BehaviorSkinBase.java:89)
	at com.sun.javafx.event.CompositeEventHandler$NormalEventHandlerRecord.handleBubblingEvent(CompositeEventHandler.java:218)
	at com.sun.javafx.event.CompositeEventHandler.dispatchBubblingEvent(CompositeEventHandler.java:80)
	at com.sun.javafx.event.EventHandlerManager.dispatchBubblingEvent(EventHandlerManager.java:238)
	at com.sun.javafx.event.EventHandlerManager.dispatchBubblingEvent(EventHandlerManager.java:191)
	at com.sun.javafx.event.CompositeEventDispatcher.dispatchBubblingEvent(CompositeEventDispatcher.java:59)
	at com.sun.javafx.event.BasicEventDispatcher.dispatchEvent(BasicEventDispatcher.java:58)
	at com.sun.javafx.event.EventDispatchChainImpl.dispatchEvent(EventDispatchChainImpl.java:114)
	at com.sun.javafx.event.BasicEventDispatcher.dispatchEvent(BasicEventDispatcher.java:56)
	at com.sun.javafx.event.EventDispatchChainImpl.dispatchEvent(EventDispatchChainImpl.java:114)
	at com.sun.javafx.event.BasicEventDispatcher.dispatchEvent(BasicEventDispatcher.java:56)
	at com.sun.javafx.event.EventDispatchChainImpl.dispatchEvent(EventDispatchChainImpl.java:114)
	at com.sun.javafx.event.EventUtil.fireEventImpl(EventUtil.java:74)
	at com.sun.javafx.event.EventUtil.fireEvent(EventUtil.java:54)
	at javafx.event.Event.fireEvent(Event.java:198)
	at javafx.scene.Scene$MouseHandler.process(Scene.java:3757)
	at javafx.scene.Scene$MouseHandler.access$1500(Scene.java:3485)
	at javafx.scene.Scene.impl_processMouseEvent(Scene.java:1762)
	at javafx.scene.Scene$ScenePeerListener.mouseEvent(Scene.java:2494)
	at com.sun.javafx.tk.quantum.GlassViewEventHandler$MouseEventNotification.run(GlassViewEventHandler.java:394)
	at com.sun.javafx.tk.quantum.GlassViewEventHandler$MouseEventNotification.run(GlassViewEventHandler.java:295)
	at java.security.AccessController.doPrivileged(Native Method)
	at com.sun.javafx.tk.quantum.GlassViewEventHandler.lambda$handleMouseEvent$345(GlassViewEventHandler.java:432)
	at com.sun.javafx.tk.quantum.QuantumToolkit.runWithoutRenderLock(QuantumToolkit.java:389)
	at com.sun.javafx.tk.quantum.GlassViewEventHandler.handleMouseEvent(GlassViewEventHandler.java:431)
	at com.sun.glass.ui.View.handleMouseEvent(View.java:555)
	at com.sun.glass.ui.View.notifyMouse(View.java:937)
	at com.sun.glass.ui.gtk.GtkApplication._runLoop(Native Method)
	at com.sun.glass.ui.gtk.GtkApplication.lambda$null$203(GtkApplication.java:139)
	at java.lang.Thread.run(Thread.java:748)
INFO  [JavaFX Application Thread]: loaded from: files/board.txt
INFO  [JavaFX Application Thread]: Controller constructor on
INFO  [JavaFX Application Thread]: generated new hard board
INFO  [JavaFX Application Thread]: Controller constructor on
INFO  [JavaFX Application Thread]: generated new medium board
ERROR [JavaFX Application Thread]: "error with opening"
java.lang.NullPointerException
	at loadButtonFile(Controller.java:265)
	at sun.reflect.NativeMethodAccessorImpl.invoke0(Native Method)
	at sun.reflect.NativeMethodAccessorImpl.invoke(NativeMethodAccessorImpl.java:62)
	at sun.reflect.DelegatingMethodAccessorImpl.invoke(DelegatingMethodAccessorImpl.java:43)
	at java.lang.reflect.Method.invoke(Method.java:498)
	at sun.reflect.misc.Trampoline.invoke(MethodUtil.java:71)
	at sun.reflect.GeneratedMethodAccessor1.invoke(Unknown Source)
	at sun.reflect.DelegatingMethodAccessorImpl.invoke(DelegatingMethodAccessorImpl.java:43)
	at java.lang.reflect.Method.invoke(Method.java:498)
	at sun.reflect.misc.MethodUtil.invoke(MethodUtil.java:275)
	at javafx.fxml.FXMLLoader$MethodHandler.invoke(FXMLLoader.java:1771)
	at javafx.fxml.FXMLLoader$ControllerMethodEventHandler.handle(FXMLLoader.java:1657)
	at com.sun.javafx.event.CompositeEventHandler.dispatchBubblingEvent(CompositeEventHandler.java:86)
	at com.sun.javafx.event.EventHandlerManager.dispatchBubblingEvent(EventHandlerManager.java:238)
	at com.sun.javafx.event.EventHandlerManager.dispatchBubblingEvent(EventHandlerManager.java:191)
	at com.sun.javafx.event.CompositeEventDispatcher.dispatchBubblingEvent(CompositeEventDispatcher.java:59)
	at com.sun.javafx.event.BasicEventDispatcher.dispatchEvent(BasicEventDispatcher.java:58)
	at com.sun.javafx.event.EventDispatchChainImpl.dispatchEvent(EventDispatchChainImpl.java:114)
	at com.sun.javafx.event.BasicEventDispatcher.dispatchEvent(BasicEventDispatcher.java:56)
	at com.sun.javafx.event.EventDispatchChainImpl.dispatchEvent(EventDispatchChainImpl.java:114)
	at com.sun.javafx.event.BasicEventDispatcher.dispatchEvent(BasicEventDispatcher.java:56)
	at com.sun.javafx.event.EventDispatchChainImpl.dispatchEvent(EventDispatchChainImpl.java:114)
	at com.sun.javafx.event.EventUtil.fireEventImpl(EventUtil.java:74)
	at com.sun.javafx.event.EventUtil.fireEvent(EventUtil.java:49)
	at javafx.event.Event.fireEvent(Event.java:198)
	at javafx.scene.Node.fireEvent(Node.java:8411)
	at javafx.scene.control.Button.fire(Button.java:185)
	at com.sun.javafx.scene.control.behavior.ButtonBehavior.mouseReleased(ButtonBehavior.java:182)
	at com.sun.javafx.scene.control.skin.BehaviorSkinBase$1.handle(BehaviorSkinBase.java:96)
	at com.sun.javafx.scene.control.skin.BehaviorSkinBase$1.handle(BehaviorSkinBase.java:89)
	at com.sun.javafx.event.CompositeEventHandler$NormalEventHandlerRecord.handleBubblingEvent(CompositeEventHandler.java:218)
	at com.sun.javafx.event.CompositeEventHandler.dispatchBubblingEvent(CompositeEventHandler.java:80)
	at com.sun.javafx.event.EventHandlerManager.dispatchBubblingEvent(EventHandlerManager.java:238)
	at com.sun.javafx.event.EventHandlerManager.dispatchBubblingEvent(EventHandlerManager.java:191)
	at com.sun.javafx.event.CompositeEventDispatcher.dispatchBubblingEvent(CompositeEventDispatcher.java:59)
	at com.sun.javafx.event.BasicEventDispatcher.dispatchEvent(BasicEventDispatcher.java:58)
	at com.sun.javafx.event.EventDispatchChainImpl.dispatchEvent(EventDispatchChainImpl.java:114)
	at com.sun.javafx.event.BasicEventDispatcher.dispatchEvent(BasicEventDispatcher.java:56)
	at com.sun.javafx.event.EventDispatchChainImpl.dispatchEvent(EventDispatchChainImpl.java:114)
	at com.sun.javafx.event.BasicEventDispatcher.dispatchEvent(BasicEventDispatcher.java:56)
	at com.sun.javafx.event.EventDispatchChainImpl.dispatchEvent(EventDispatchChainImpl.java:114)
	at com.sun.javafx.event.EventUtil.fireEventImpl(EventUtil.java:74)
	at com.sun.javafx.event.EventUtil.fireEvent(EventUtil.java:54)
	at javafx.event.Event.fireEvent(Event.java:198)
	at javafx.scene.Scene$MouseHandler.process(Scene.java:3757)
	at javafx.scene.Scene$MouseHandler.access$1500(Scene.java:3485)
	at javafx.scene.Scene.impl_processMouseEvent(Scene.java:1762)
	at javafx.scene.Scene$ScenePeerListener.mouseEvent(Scene.java:2494)
	at com.sun.javafx.tk.quantum.GlassViewEventHandler$MouseEventNotification.run(GlassViewEventHandler.java:394)
	at com.sun.javafx.tk.quantum.GlassViewEventHandler$MouseEventNotification.run(GlassViewEventHandler.java:295)
	at java.security.AccessController.doPrivileged(Native Method)
	at com.sun.javafx.tk.quantum.GlassViewEventHandler.lambda$handleMouseEvent$345(GlassViewEventHandler.java:432)
	at com.sun.javafx.tk.quantum.QuantumToolkit.runWithoutRenderLock(QuantumToolkit.java:389)
	at com.sun.javafx.tk.quantum.GlassViewEventHandler.handleMouseEvent(GlassViewEventHandler.java:431)
	at com.sun.glass.ui.View.handleMouseEvent(View.java:555)
	at com.sun.glass.ui.View.notifyMouse(View.java:937)
	at com.sun.glass.ui.gtk.GtkApplication._runLoop(Native Method)
	at com.sun.glass.ui.gtk.GtkApplication.lambda$null$203(GtkApplication.java:139)
	at java.lang.Thread.run(Thread.java:748)
INFO  [JavaFX Application Thread]: loaded from: files/board.txt
INFO  [JavaFX Application Thread]: Controller constructor on
INFO  [JavaFX Application Thread]: Controller constructor on
INFO  [JavaFX Application Thread]: changed language to English
INFO  [JavaFX Application Thread]: changed language to Polish
INFO  [JavaFX Application Thread]: generated new hard board
INFO  [JavaFX Application Thread]: Controller constructor on
INFO  [JavaFX Application Thread]: changed language to Polish
INFO  [JavaFX Application Thread]: generated new hard board
INFO  [JavaFX Application Thread]: saved to: /home/antoni/Desktop/projects/(4) Component programming/mkw_th_1015_02/files/Sudoku_2019-06-01_20:47:41.txt
ERROR [JavaFX Application Thread]: "błąd przy otwieraniu"
java.lang.NullPointerException
	at loadButtonFile(Controller.java:265)
	at sun.reflect.NativeMethodAccessorImpl.invoke0(Native Method)
	at sun.reflect.NativeMethodAccessorImpl.invoke(NativeMethodAccessorImpl.java:62)
	at sun.reflect.DelegatingMethodAccessorImpl.invoke(DelegatingMethodAccessorImpl.java:43)
	at java.lang.reflect.Method.invoke(Method.java:498)
	at sun.reflect.misc.Trampoline.invoke(MethodUtil.java:71)
	at sun.reflect.GeneratedMethodAccessor1.invoke(Unknown Source)
	at sun.reflect.DelegatingMethodAccessorImpl.invoke(DelegatingMethodAccessorImpl.java:43)
	at java.lang.reflect.Method.invoke(Method.java:498)
	at sun.reflect.misc.MethodUtil.invoke(MethodUtil.java:275)
	at javafx.fxml.FXMLLoader$MethodHandler.invoke(FXMLLoader.java:1771)
	at javafx.fxml.FXMLLoader$ControllerMethodEventHandler.handle(FXMLLoader.java:1657)
	at com.sun.javafx.event.CompositeEventHandler.dispatchBubblingEvent(CompositeEventHandler.java:86)
	at com.sun.javafx.event.EventHandlerManager.dispatchBubblingEvent(EventHandlerManager.java:238)
	at com.sun.javafx.event.EventHandlerManager.dispatchBubblingEvent(EventHandlerManager.java:191)
	at com.sun.javafx.event.CompositeEventDispatcher.dispatchBubblingEvent(CompositeEventDispatcher.java:59)
	at com.sun.javafx.event.BasicEventDispatcher.dispatchEvent(BasicEventDispatcher.java:58)
	at com.sun.javafx.event.EventDispatchChainImpl.dispatchEvent(EventDispatchChainImpl.java:114)
	at com.sun.javafx.event.BasicEventDispatcher.dispatchEvent(BasicEventDispatcher.java:56)
	at com.sun.javafx.event.EventDispatchChainImpl.dispatchEvent(EventDispatchChainImpl.java:114)
	at com.sun.javafx.event.BasicEventDispatcher.dispatchEvent(BasicEventDispatcher.java:56)
	at com.sun.javafx.event.EventDispatchChainImpl.dispatchEvent(EventDispatchChainImpl.java:114)
	at com.sun.javafx.event.EventUtil.fireEventImpl(EventUtil.java:74)
	at com.sun.javafx.event.EventUtil.fireEvent(EventUtil.java:49)
	at javafx.event.Event.fireEvent(Event.java:198)
	at javafx.scene.Node.fireEvent(Node.java:8411)
	at javafx.scene.control.Button.fire(Button.java:185)
	at com.sun.javafx.scene.control.behavior.ButtonBehavior.mouseReleased(ButtonBehavior.java:182)
	at com.sun.javafx.scene.control.skin.BehaviorSkinBase$1.handle(BehaviorSkinBase.java:96)
	at com.sun.javafx.scene.control.skin.BehaviorSkinBase$1.handle(BehaviorSkinBase.java:89)
	at com.sun.javafx.event.CompositeEventHandler$NormalEventHandlerRecord.handleBubblingEvent(CompositeEventHandler.java:218)
	at com.sun.javafx.event.CompositeEventHandler.dispatchBubblingEvent(CompositeEventHandler.java:80)
	at com.sun.javafx.event.EventHandlerManager.dispatchBubblingEvent(EventHandlerManager.java:238)
	at com.sun.javafx.event.EventHandlerManager.dispatchBubblingEvent(EventHandlerManager.java:191)
	at com.sun.javafx.event.CompositeEventDispatcher.dispatchBubblingEvent(CompositeEventDispatcher.java:59)
	at com.sun.javafx.event.BasicEventDispatcher.dispatchEvent(BasicEventDispatcher.java:58)
	at com.sun.javafx.event.EventDispatchChainImpl.dispatchEvent(EventDispatchChainImpl.java:114)
	at com.sun.javafx.event.BasicEventDispatcher.dispatchEvent(BasicEventDispatcher.java:56)
	at com.sun.javafx.event.EventDispatchChainImpl.dispatchEvent(EventDispatchChainImpl.java:114)
	at com.sun.javafx.event.BasicEventDispatcher.dispatchEvent(BasicEventDispatcher.java:56)
	at com.sun.javafx.event.EventDispatchChainImpl.dispatchEvent(EventDispatchChainImpl.java:114)
	at com.sun.javafx.event.EventUtil.fireEventImpl(EventUtil.java:74)
	at com.sun.javafx.event.EventUtil.fireEvent(EventUtil.java:54)
	at javafx.event.Event.fireEvent(Event.java:198)
	at javafx.scene.Scene$MouseHandler.process(Scene.java:3757)
	at javafx.scene.Scene$MouseHandler.access$1500(Scene.java:3485)
	at javafx.scene.Scene.impl_processMouseEvent(Scene.java:1762)
	at javafx.scene.Scene$ScenePeerListener.mouseEvent(Scene.java:2494)
	at com.sun.javafx.tk.quantum.GlassViewEventHandler$MouseEventNotification.run(GlassViewEventHandler.java:394)
	at com.sun.javafx.tk.quantum.GlassViewEventHandler$MouseEventNotification.run(GlassViewEventHandler.java:295)
	at java.security.AccessController.doPrivileged(Native Method)
	at com.sun.javafx.tk.quantum.GlassViewEventHandler.lambda$handleMouseEvent$345(GlassViewEventHandler.java:432)
	at com.sun.javafx.tk.quantum.QuantumToolkit.runWithoutRenderLock(QuantumToolkit.java:389)
	at com.sun.javafx.tk.quantum.GlassViewEventHandler.handleMouseEvent(GlassViewEventHandler.java:431)
	at com.sun.glass.ui.View.handleMouseEvent(View.java:555)
	at com.sun.glass.ui.View.notifyMouse(View.java:937)
	at com.sun.glass.ui.gtk.GtkApplication._runLoop(Native Method)
	at com.sun.glass.ui.gtk.GtkApplication.lambda$null$203(GtkApplication.java:139)
	at java.lang.Thread.run(Thread.java:748)
INFO  [JavaFX Application Thread]: loaded from: /home/antoni/Desktop/projects/(4) Component programming/mkw_th_1015_02/files/Sudoku_2019-06-01_20:47:41.txt
INFO  [JavaFX Application Thread]: Controller on
INFO  [JavaFX Application Thread]: Controller on
INFO  [JavaFX Application Thread]: Zmieniony jezyk na:Polski
INFO  [JavaFX Application Thread]: Changed language to:English
INFO  [JavaFX Application Thread]: geneGenerated new hard sudoku
INFO  [JavaFX Application Thread]: Zmieniony jezyk na:Polski
INFO  [JavaFX Application Thread]: Wygenerowano nowe trudne sudoku
INFO  [JavaFX Application Thread]: Wygenerowano nowe latwe sudoku
INFO  [JavaFX Application Thread]: Zapisany w:/home/antoni/Desktop/projects/(4) Component programming/mkw_th_1015_02/files/Sudoku_2019-06-01_21:09:36.txt
INFO  [JavaFX Application Thread]: Czyszcze tablice sudoku
INFO  [JavaFX Application Thread]: Zaladowany z:/home/antoni/Desktop/projects/(4) Component programming/mkw_th_1015_02/files/Sudoku_2019-05-31_10:56:40.txt
INFO  [JavaFX Application Thread]: Czyszcze tablice sudoku
INFO  [JavaFX Application Thread]: Zaladowany z:/home/antoni/Desktop/projects/(4) Component programming/mkw_th_1015_02/files/Sudoku_2019-05-30_22:40:40.txt
INFO  [JavaFX Application Thread]: Controller on
INFO  [JavaFX Application Thread]: Generated new easy sudoku
INFO  [JavaFX Application Thread]: Saved to:/home/antoni/Desktop/projects/(4) Component programming/mkw_th_1015_02/files/Sudoku_2019-06-01_21:10:37.txt
INFO  [JavaFX Application Thread]: Clearing sudoku board
INFO  [JavaFX Application Thread]: Loaded form:/home/antoni/Desktop/projects/(4) Component programming/mkw_th_1015_02/files/Sudoku_2019-06-01_21:09:36.txt
INFO  [JavaFX Application Thread]: Changed language to:English
INFO  [JavaFX Application Thread]: Zmieniony jezyk na:Polski
INFO  [JavaFX Application Thread]: Changed language to:English
INFO  [JavaFX Application Thread]: Zmieniony jezyk na:Polski
INFO  [JavaFX Application Thread]: Controller on
INFO  [JavaFX Application Thread]: geneGenerated new hard sudoku
INFO  [JavaFX Application Thread]: Changed language to:English
INFO  [JavaFX Application Thread]: Zmieniony jezyk na:Polski
INFO  [JavaFX Application Thread]: Changed language to:English
INFO  [JavaFX Application Thread]: geneGenerated new medium sudoku
INFO  [JavaFX Application Thread]: Controller on
INFO  [JavaFX Application Thread]: Zmieniony jezyk na:Polski
INFO  [JavaFX Application Thread]: Wygenerowano nowe trudne sudoku
INFO  [JavaFX Application Thread]: SudokuBoard{
, 1, 8, 5, 3, 2, 7, 9, 4, 6, 
, 9, 7, 4, 8, 5, 6, 1, 3, 2, 
, 3, 2, 6, 9, 4, 1, 8, 7, 5, 
, 6, 5, 8, 7, 1, 3, 2, 9, 4, 
, 2, 9, 3, 6, 8, 4, 5, 1, 7, 
, 7, 4, 1, 5, 9, 2, 3, 6, 8, 
, 4, 6, 9, 2, 3, 8, 7, 5, 1, 
, 8, 3, 7, 1, 6, 5, 4, 2, 9, 
, 5, 1, 2, 4, 7, 9, 6, 8, 3, 
}
INFO  [JavaFX Application Thread]: Wygenerowano nowe srednie sudoku
INFO  [JavaFX Application Thread]: SudokuBoard{
, 3, 2, 1, 6, 9, 8, 4, 5, 7, 
, 9, 4, 7, 1, 3, 5, 2, 8, 6, 
, 6, 8, 5, 4, 7, 2, 9, 1, 3, 
, 4, 7, 2, 8, 1, 3, 6, 9, 5, 
, 5, 1, 3, 2, 6, 9, 8, 7, 4, 
, 8, 9, 6, 7, 5, 4, 3, 2, 1, 
, 1, 6, 9, 3, 2, 7, 5, 4, 8, 
, 7, 5, 4, 9, 8, 6, 1, 3, 2, 
, 2, 3, 8, 5, 4, 1, 7, 6, 9, 
}
INFO  [JavaFX Application Thread]: Changed language to:English
INFO  [JavaFX Application Thread]: Generated new easy sudoku
INFO  [JavaFX Application Thread]: SudokuBoard{
, 3, 7, 8, 2, 5, 4, 6, 9, 1, 
, 9, 5, 6, 8, 3, 1, 2, 4, 7, 
, 4, 1, 2, 6, 9, 7, 5, 3, 8, 
, 6, 4, 5, 7, 1, 2, 9, 8, 3, 
, 8, 3, 7, 5, 4, 9, 1, 2, 6, 
, 1, 2, 9, 3, 6, 8, 7, 5, 4, 
, 7, 8, 3, 1, 2, 5, 4, 6, 9, 
, 5, 9, 1, 4, 8, 6, 3, 7, 2, 
, 2, 6, 4, 9, 7, 3, 8, 1, 5, 
}
INFO  [JavaFX Application Thread]: Controller on
INFO  [JavaFX Application Thread]: Clearing sudoku board
ERROR [JavaFX Application Thread]: "error with opening"
exceptions.DaoException: No resource for null.filekey
	at serialization.FileSudokuDao.read(FileSudokuDao.java:71)
	at loadButtonFile(Controller.java:268)
	at sun.reflect.NativeMethodAccessorImpl.invoke0(Native Method)
	at sun.reflect.NativeMethodAccessorImpl.invoke(NativeMethodAccessorImpl.java:62)
	at sun.reflect.DelegatingMethodAccessorImpl.invoke(DelegatingMethodAccessorImpl.java:43)
	at java.lang.reflect.Method.invoke(Method.java:498)
	at sun.reflect.misc.Trampoline.invoke(MethodUtil.java:71)
	at sun.reflect.GeneratedMethodAccessor1.invoke(Unknown Source)
	at sun.reflect.DelegatingMethodAccessorImpl.invoke(DelegatingMethodAccessorImpl.java:43)
	at java.lang.reflect.Method.invoke(Method.java:498)
	at sun.reflect.misc.MethodUtil.invoke(MethodUtil.java:275)
	at javafx.fxml.FXMLLoader$MethodHandler.invoke(FXMLLoader.java:1771)
	at javafx.fxml.FXMLLoader$ControllerMethodEventHandler.handle(FXMLLoader.java:1657)
	at com.sun.javafx.event.CompositeEventHandler.dispatchBubblingEvent(CompositeEventHandler.java:86)
	at com.sun.javafx.event.EventHandlerManager.dispatchBubblingEvent(EventHandlerManager.java:238)
	at com.sun.javafx.event.EventHandlerManager.dispatchBubblingEvent(EventHandlerManager.java:191)
	at com.sun.javafx.event.CompositeEventDispatcher.dispatchBubblingEvent(CompositeEventDispatcher.java:59)
	at com.sun.javafx.event.BasicEventDispatcher.dispatchEvent(BasicEventDispatcher.java:58)
	at com.sun.javafx.event.EventDispatchChainImpl.dispatchEvent(EventDispatchChainImpl.java:114)
	at com.sun.javafx.event.BasicEventDispatcher.dispatchEvent(BasicEventDispatcher.java:56)
	at com.sun.javafx.event.EventDispatchChainImpl.dispatchEvent(EventDispatchChainImpl.java:114)
	at com.sun.javafx.event.BasicEventDispatcher.dispatchEvent(BasicEventDispatcher.java:56)
	at com.sun.javafx.event.EventDispatchChainImpl.dispatchEvent(EventDispatchChainImpl.java:114)
	at com.sun.javafx.event.EventUtil.fireEventImpl(EventUtil.java:74)
	at com.sun.javafx.event.EventUtil.fireEvent(EventUtil.java:49)
	at javafx.event.Event.fireEvent(Event.java:198)
	at javafx.scene.Node.fireEvent(Node.java:8411)
	at javafx.scene.control.Button.fire(Button.java:185)
	at com.sun.javafx.scene.control.behavior.ButtonBehavior.mouseReleased(ButtonBehavior.java:182)
	at com.sun.javafx.scene.control.skin.BehaviorSkinBase$1.handle(BehaviorSkinBase.java:96)
	at com.sun.javafx.scene.control.skin.BehaviorSkinBase$1.handle(BehaviorSkinBase.java:89)
	at com.sun.javafx.event.CompositeEventHandler$NormalEventHandlerRecord.handleBubblingEvent(CompositeEventHandler.java:218)
	at com.sun.javafx.event.CompositeEventHandler.dispatchBubblingEvent(CompositeEventHandler.java:80)
	at com.sun.javafx.event.EventHandlerManager.dispatchBubblingEvent(EventHandlerManager.java:238)
	at com.sun.javafx.event.EventHandlerManager.dispatchBubblingEvent(EventHandlerManager.java:191)
	at com.sun.javafx.event.CompositeEventDispatcher.dispatchBubblingEvent(CompositeEventDispatcher.java:59)
	at com.sun.javafx.event.BasicEventDispatcher.dispatchEvent(BasicEventDispatcher.java:58)
	at com.sun.javafx.event.EventDispatchChainImpl.dispatchEvent(EventDispatchChainImpl.java:114)
	at com.sun.javafx.event.BasicEventDispatcher.dispatchEvent(BasicEventDispatcher.java:56)
	at com.sun.javafx.event.EventDispatchChainImpl.dispatchEvent(EventDispatchChainImpl.java:114)
	at com.sun.javafx.event.BasicEventDispatcher.dispatchEvent(BasicEventDispatcher.java:56)
	at com.sun.javafx.event.EventDispatchChainImpl.dispatchEvent(EventDispatchChainImpl.java:114)
	at com.sun.javafx.event.EventUtil.fireEventImpl(EventUtil.java:74)
	at com.sun.javafx.event.EventUtil.fireEvent(EventUtil.java:54)
	at javafx.event.Event.fireEvent(Event.java:198)
	at javafx.scene.Scene$MouseHandler.process(Scene.java:3757)
	at javafx.scene.Scene$MouseHandler.access$1500(Scene.java:3485)
	at javafx.scene.Scene.impl_processMouseEvent(Scene.java:1762)
	at javafx.scene.Scene$ScenePeerListener.mouseEvent(Scene.java:2494)
	at com.sun.javafx.tk.quantum.GlassViewEventHandler$MouseEventNotification.run(GlassViewEventHandler.java:394)
	at com.sun.javafx.tk.quantum.GlassViewEventHandler$MouseEventNotification.run(GlassViewEventHandler.java:295)
	at java.security.AccessController.doPrivileged(Native Method)
	at com.sun.javafx.tk.quantum.GlassViewEventHandler.lambda$handleMouseEvent$345(GlassViewEventHandler.java:432)
	at com.sun.javafx.tk.quantum.QuantumToolkit.runWithoutRenderLock(QuantumToolkit.java:389)
	at com.sun.javafx.tk.quantum.GlassViewEventHandler.handleMouseEvent(GlassViewEventHandler.java:431)
	at com.sun.glass.ui.View.handleMouseEvent(View.java:555)
	at com.sun.glass.ui.View.notifyMouse(View.java:937)
	at com.sun.glass.ui.gtk.GtkApplication._runLoop(Native Method)
	at com.sun.glass.ui.gtk.GtkApplication.lambda$null$203(GtkApplication.java:139)
	at java.lang.Thread.run(Thread.java:748)
Caused by: java.io.InvalidClassException: sudokulogic.SudokuBoard; class invalid for deserialization
	at java.io.ObjectStreamClass$ExceptionInfo.newInvalidClassException(ObjectStreamClass.java:169)
	at java.io.ObjectStreamClass.checkDeserialize(ObjectStreamClass.java:874)
	at java.io.ObjectInputStream.readOrdinaryObject(ObjectInputStream.java:2043)
	at java.io.ObjectInputStream.readObject0(ObjectInputStream.java:1573)
	at java.io.ObjectInputStream.readObject(ObjectInputStream.java:431)
	at serialization.FileSudokuDao.read(FileSudokuDao.java:65)
	... 59 more
INFO  [JavaFX Application Thread]: Loaded form:/home/antoni/Desktop/projects/(4) Component programming/mkw_th_1015_02/files/Sudoku_2019-05-31_10:56:40.txt
INFO  [JavaFX Application Thread]: Generated new easy sudoku
INFO  [JavaFX Application Thread]: SudokuBoard{
, 1, 9, 4, 2, 7, 3, 8, 5, 6, 
, 3, 8, 7, 4, 5, 6, 2, 9, 1, 
, 2, 6, 5, 1, 8, 9, 3, 7, 4, 
, 6, 5, 9, 3, 2, 4, 7, 1, 8, 
, 8, 2, 1, 7, 9, 5, 4, 6, 3, 
, 4, 7, 3, 6, 1, 8, 9, 2, 5, 
, 9, 1, 8, 5, 3, 7, 6, 4, 2, 
, 5, 3, 6, 9, 4, 2, 1, 8, 7, 
, 7, 4, 2, 8, 6, 1, 5, 3, 9, 
}
ERROR [JavaFX Application Thread]: "error with opening"
exceptions.DaoException: No resource for error.openkey
	at serialization.FileSudokuDao.write(FileSudokuDao.java:94)
	at saveButtonFile(Controller.java:298)
	at sun.reflect.NativeMethodAccessorImpl.invoke0(Native Method)
	at sun.reflect.NativeMethodAccessorImpl.invoke(NativeMethodAccessorImpl.java:62)
	at sun.reflect.DelegatingMethodAccessorImpl.invoke(DelegatingMethodAccessorImpl.java:43)
	at java.lang.reflect.Method.invoke(Method.java:498)
	at sun.reflect.misc.Trampoline.invoke(MethodUtil.java:71)
	at sun.reflect.GeneratedMethodAccessor1.invoke(Unknown Source)
	at sun.reflect.DelegatingMethodAccessorImpl.invoke(DelegatingMethodAccessorImpl.java:43)
	at java.lang.reflect.Method.invoke(Method.java:498)
	at sun.reflect.misc.MethodUtil.invoke(MethodUtil.java:275)
	at javafx.fxml.FXMLLoader$MethodHandler.invoke(FXMLLoader.java:1771)
	at javafx.fxml.FXMLLoader$ControllerMethodEventHandler.handle(FXMLLoader.java:1657)
	at com.sun.javafx.event.CompositeEventHandler.dispatchBubblingEvent(CompositeEventHandler.java:86)
	at com.sun.javafx.event.EventHandlerManager.dispatchBubblingEvent(EventHandlerManager.java:238)
	at com.sun.javafx.event.EventHandlerManager.dispatchBubblingEvent(EventHandlerManager.java:191)
	at com.sun.javafx.event.CompositeEventDispatcher.dispatchBubblingEvent(CompositeEventDispatcher.java:59)
	at com.sun.javafx.event.BasicEventDispatcher.dispatchEvent(BasicEventDispatcher.java:58)
	at com.sun.javafx.event.EventDispatchChainImpl.dispatchEvent(EventDispatchChainImpl.java:114)
	at com.sun.javafx.event.BasicEventDispatcher.dispatchEvent(BasicEventDispatcher.java:56)
	at com.sun.javafx.event.EventDispatchChainImpl.dispatchEvent(EventDispatchChainImpl.java:114)
	at com.sun.javafx.event.BasicEventDispatcher.dispatchEvent(BasicEventDispatcher.java:56)
	at com.sun.javafx.event.EventDispatchChainImpl.dispatchEvent(EventDispatchChainImpl.java:114)
	at com.sun.javafx.event.EventUtil.fireEventImpl(EventUtil.java:74)
	at com.sun.javafx.event.EventUtil.fireEvent(EventUtil.java:49)
	at javafx.event.Event.fireEvent(Event.java:198)
	at javafx.scene.Node.fireEvent(Node.java:8411)
	at javafx.scene.control.Button.fire(Button.java:185)
	at com.sun.javafx.scene.control.behavior.ButtonBehavior.mouseReleased(ButtonBehavior.java:182)
	at com.sun.javafx.scene.control.skin.BehaviorSkinBase$1.handle(BehaviorSkinBase.java:96)
	at com.sun.javafx.scene.control.skin.BehaviorSkinBase$1.handle(BehaviorSkinBase.java:89)
	at com.sun.javafx.event.CompositeEventHandler$NormalEventHandlerRecord.handleBubblingEvent(CompositeEventHandler.java:218)
	at com.sun.javafx.event.CompositeEventHandler.dispatchBubblingEvent(CompositeEventHandler.java:80)
	at com.sun.javafx.event.EventHandlerManager.dispatchBubblingEvent(EventHandlerManager.java:238)
	at com.sun.javafx.event.EventHandlerManager.dispatchBubblingEvent(EventHandlerManager.java:191)
	at com.sun.javafx.event.CompositeEventDispatcher.dispatchBubblingEvent(CompositeEventDispatcher.java:59)
	at com.sun.javafx.event.BasicEventDispatcher.dispatchEvent(BasicEventDispatcher.java:58)
	at com.sun.javafx.event.EventDispatchChainImpl.dispatchEvent(EventDispatchChainImpl.java:114)
	at com.sun.javafx.event.BasicEventDispatcher.dispatchEvent(BasicEventDispatcher.java:56)
	at com.sun.javafx.event.EventDispatchChainImpl.dispatchEvent(EventDispatchChainImpl.java:114)
	at com.sun.javafx.event.BasicEventDispatcher.dispatchEvent(BasicEventDispatcher.java:56)
	at com.sun.javafx.event.EventDispatchChainImpl.dispatchEvent(EventDispatchChainImpl.java:114)
	at com.sun.javafx.event.EventUtil.fireEventImpl(EventUtil.java:74)
	at com.sun.javafx.event.EventUtil.fireEvent(EventUtil.java:54)
	at javafx.event.Event.fireEvent(Event.java:198)
	at javafx.scene.Scene$MouseHandler.process(Scene.java:3757)
	at javafx.scene.Scene$MouseHandler.access$1500(Scene.java:3485)
	at javafx.scene.Scene.impl_processMouseEvent(Scene.java:1762)
	at javafx.scene.Scene$ScenePeerListener.mouseEvent(Scene.java:2494)
	at com.sun.javafx.tk.quantum.GlassViewEventHandler$MouseEventNotification.run(GlassViewEventHandler.java:394)
	at com.sun.javafx.tk.quantum.GlassViewEventHandler$MouseEventNotification.run(GlassViewEventHandler.java:295)
	at java.security.AccessController.doPrivileged(Native Method)
	at com.sun.javafx.tk.quantum.GlassViewEventHandler.lambda$handleMouseEvent$345(GlassViewEventHandler.java:432)
	at com.sun.javafx.tk.quantum.QuantumToolkit.runWithoutRenderLock(QuantumToolkit.java:389)
	at com.sun.javafx.tk.quantum.GlassViewEventHandler.handleMouseEvent(GlassViewEventHandler.java:431)
	at com.sun.glass.ui.View.handleMouseEvent(View.java:555)
	at com.sun.glass.ui.View.notifyMouse(View.java:937)
	at com.sun.glass.ui.gtk.GtkApplication._runLoop(Native Method)
	at com.sun.glass.ui.gtk.GtkApplication.lambda$null$203(GtkApplication.java:139)
	at java.lang.Thread.run(Thread.java:748)
Caused by: java.io.NotSerializableException: sudokulogic.SudokuBoard
	at java.io.ObjectOutputStream.writeObject0(ObjectOutputStream.java:1184)
	at java.io.ObjectOutputStream.writeObject(ObjectOutputStream.java:348)
	at serialization.FileSudokuDao.write(FileSudokuDao.java:90)
	... 59 more
INFO  [JavaFX Application Thread]: Saved to:/home/antoni/Desktop/projects/(4) Component programming/mkw_th_1015_02/files/Sudoku_2019-06-03_11:57:52.txt
INFO  [JavaFX Application Thread]: Controller on
INFO  [JavaFX Application Thread]: geneGenerated new hard sudoku
INFO  [JavaFX Application Thread]: SudokuBoard{
, 4, 8, 3, 7, 5, 9, 1, 2, 6, 
, 7, 6, 5, 4, 2, 1, 9, 3, 8, 
, 9, 2, 1, 3, 6, 8, 7, 4, 5, 
, 3, 9, 8, 6, 4, 2, 5, 1, 7, 
, 1, 5, 2, 9, 7, 3, 8, 6, 4, 
, 6, 7, 4, 8, 1, 5, 3, 9, 2, 
, 2, 1, 6, 5, 9, 7, 4, 8, 3, 
, 5, 3, 9, 2, 8, 4, 6, 7, 1, 
, 8, 4, 7, 1, 3, 6, 2, 5, 9, 
}
INFO  [JavaFX Application Thread]: Saved to:/home/antoni/Desktop/projects/(4) Component programming/mkw_th_1015_02/files/Sudoku_2019-06-03_12:01:28.txt
INFO  [JavaFX Application Thread]: Controller on
INFO  [JavaFX Application Thread]: Saved to:/home/antoni/Desktop/projects/(4) Component programming/mkw_th_1015_02/files/Sudoku_2019-06-03_12:05:08.txt
INFO  [JavaFX Application Thread]: Controller on
INFO  [JavaFX Application Thread]: Saved to:/home/antoni/Desktop/projects/(4) Component programming/mkw_th_1015_02/files/Sudoku_2019-06-03_12:08:00.txt
INFO  [JavaFX Application Thread]: Controller on
INFO  [JavaFX Application Thread]: Clearing sudoku board
ERROR [JavaFX Application Thread]: "error with opening"
exceptions.DaoException: No resource for null.filekey
	at serialization.FileSudokuDao.read(FileSudokuDao.java:71)
	at loadButtonFile(Controller.java:269)
	at sun.reflect.NativeMethodAccessorImpl.invoke0(Native Method)
	at sun.reflect.NativeMethodAccessorImpl.invoke(NativeMethodAccessorImpl.java:62)
	at sun.reflect.DelegatingMethodAccessorImpl.invoke(DelegatingMethodAccessorImpl.java:43)
	at java.lang.reflect.Method.invoke(Method.java:498)
	at sun.reflect.misc.Trampoline.invoke(MethodUtil.java:71)
	at sun.reflect.GeneratedMethodAccessor1.invoke(Unknown Source)
	at sun.reflect.DelegatingMethodAccessorImpl.invoke(DelegatingMethodAccessorImpl.java:43)
	at java.lang.reflect.Method.invoke(Method.java:498)
	at sun.reflect.misc.MethodUtil.invoke(MethodUtil.java:275)
	at javafx.fxml.FXMLLoader$MethodHandler.invoke(FXMLLoader.java:1771)
	at javafx.fxml.FXMLLoader$ControllerMethodEventHandler.handle(FXMLLoader.java:1657)
	at com.sun.javafx.event.CompositeEventHandler.dispatchBubblingEvent(CompositeEventHandler.java:86)
	at com.sun.javafx.event.EventHandlerManager.dispatchBubblingEvent(EventHandlerManager.java:238)
	at com.sun.javafx.event.EventHandlerManager.dispatchBubblingEvent(EventHandlerManager.java:191)
	at com.sun.javafx.event.CompositeEventDispatcher.dispatchBubblingEvent(CompositeEventDispatcher.java:59)
	at com.sun.javafx.event.BasicEventDispatcher.dispatchEvent(BasicEventDispatcher.java:58)
	at com.sun.javafx.event.EventDispatchChainImpl.dispatchEvent(EventDispatchChainImpl.java:114)
	at com.sun.javafx.event.BasicEventDispatcher.dispatchEvent(BasicEventDispatcher.java:56)
	at com.sun.javafx.event.EventDispatchChainImpl.dispatchEvent(EventDispatchChainImpl.java:114)
	at com.sun.javafx.event.BasicEventDispatcher.dispatchEvent(BasicEventDispatcher.java:56)
	at com.sun.javafx.event.EventDispatchChainImpl.dispatchEvent(EventDispatchChainImpl.java:114)
	at com.sun.javafx.event.EventUtil.fireEventImpl(EventUtil.java:74)
	at com.sun.javafx.event.EventUtil.fireEvent(EventUtil.java:49)
	at javafx.event.Event.fireEvent(Event.java:198)
	at javafx.scene.Node.fireEvent(Node.java:8411)
	at javafx.scene.control.Button.fire(Button.java:185)
	at com.sun.javafx.scene.control.behavior.ButtonBehavior.mouseReleased(ButtonBehavior.java:182)
	at com.sun.javafx.scene.control.skin.BehaviorSkinBase$1.handle(BehaviorSkinBase.java:96)
	at com.sun.javafx.scene.control.skin.BehaviorSkinBase$1.handle(BehaviorSkinBase.java:89)
	at com.sun.javafx.event.CompositeEventHandler$NormalEventHandlerRecord.handleBubblingEvent(CompositeEventHandler.java:218)
	at com.sun.javafx.event.CompositeEventHandler.dispatchBubblingEvent(CompositeEventHandler.java:80)
	at com.sun.javafx.event.EventHandlerManager.dispatchBubblingEvent(EventHandlerManager.java:238)
	at com.sun.javafx.event.EventHandlerManager.dispatchBubblingEvent(EventHandlerManager.java:191)
	at com.sun.javafx.event.CompositeEventDispatcher.dispatchBubblingEvent(CompositeEventDispatcher.java:59)
	at com.sun.javafx.event.BasicEventDispatcher.dispatchEvent(BasicEventDispatcher.java:58)
	at com.sun.javafx.event.EventDispatchChainImpl.dispatchEvent(EventDispatchChainImpl.java:114)
	at com.sun.javafx.event.BasicEventDispatcher.dispatchEvent(BasicEventDispatcher.java:56)
	at com.sun.javafx.event.EventDispatchChainImpl.dispatchEvent(EventDispatchChainImpl.java:114)
	at com.sun.javafx.event.BasicEventDispatcher.dispatchEvent(BasicEventDispatcher.java:56)
	at com.sun.javafx.event.EventDispatchChainImpl.dispatchEvent(EventDispatchChainImpl.java:114)
	at com.sun.javafx.event.EventUtil.fireEventImpl(EventUtil.java:74)
	at com.sun.javafx.event.EventUtil.fireEvent(EventUtil.java:54)
	at javafx.event.Event.fireEvent(Event.java:198)
	at javafx.scene.Scene$MouseHandler.process(Scene.java:3757)
	at javafx.scene.Scene$MouseHandler.access$1500(Scene.java:3485)
	at javafx.scene.Scene.impl_processMouseEvent(Scene.java:1762)
	at javafx.scene.Scene$ScenePeerListener.mouseEvent(Scene.java:2494)
	at com.sun.javafx.tk.quantum.GlassViewEventHandler$MouseEventNotification.run(GlassViewEventHandler.java:394)
	at com.sun.javafx.tk.quantum.GlassViewEventHandler$MouseEventNotification.run(GlassViewEventHandler.java:295)
	at java.security.AccessController.doPrivileged(Native Method)
	at com.sun.javafx.tk.quantum.GlassViewEventHandler.lambda$handleMouseEvent$345(GlassViewEventHandler.java:432)
	at com.sun.javafx.tk.quantum.QuantumToolkit.runWithoutRenderLock(QuantumToolkit.java:389)
	at com.sun.javafx.tk.quantum.GlassViewEventHandler.handleMouseEvent(GlassViewEventHandler.java:431)
	at com.sun.glass.ui.View.handleMouseEvent(View.java:555)
	at com.sun.glass.ui.View.notifyMouse(View.java:937)
	at com.sun.glass.ui.gtk.GtkApplication._runLoop(Native Method)
	at com.sun.glass.ui.gtk.GtkApplication.lambda$null$203(GtkApplication.java:139)
	at java.lang.Thread.run(Thread.java:748)
Caused by: java.io.WriteAbortedException: writing aborted; java.io.NotSerializableException: sudokulogic.SudokuBoard
	at java.io.ObjectInputStream.readObject0(ObjectInputStream.java:1577)
	at java.io.ObjectInputStream.readObject(ObjectInputStream.java:431)
	at serialization.FileSudokuDao.read(FileSudokuDao.java:65)
	... 59 more
Caused by: java.io.NotSerializableException: sudokulogic.SudokuBoard
	at java.io.ObjectOutputStream.writeObject0(ObjectOutputStream.java:1184)
	at java.io.ObjectOutputStream.writeObject(ObjectOutputStream.java:348)
	at serialization.FileSudokuDao.write(FileSudokuDao.java:90)
	at saveButtonFile(Controller.java:299)
	... 58 more
INFO  [JavaFX Application Thread]: Loaded form:/home/antoni/Desktop/projects/(4) Component programming/mkw_th_1015_02/files/Sudoku_2019-06-03_12:08:00.txt
INFO  [JavaFX Application Thread]: Saved to:/home/antoni/Desktop/projects/(4) Component programming/mkw_th_1015_02/files/Sudoku_2019-06-03_12:10:12.txt
INFO  [JavaFX Application Thread]: Controller on
INFO  [JavaFX Application Thread]: Saved to:/home/antoni/Desktop/projects/(4) Component programming/mkw_th_1015_02/files/Sudoku_2019-06-03_12:18:13.txt
INFO  [JavaFX Application Thread]: Controller on
ERROR [JavaFX Application Thread]: "error with opening"
exceptions.DaoException: No resource for error.openkey
	at serialization.FileSudokuDao.write(FileSudokuDao.java:94)
	at saveButtonFile(Controller.java:298)
	at sun.reflect.NativeMethodAccessorImpl.invoke0(Native Method)
	at sun.reflect.NativeMethodAccessorImpl.invoke(NativeMethodAccessorImpl.java:62)
	at sun.reflect.DelegatingMethodAccessorImpl.invoke(DelegatingMethodAccessorImpl.java:43)
	at java.lang.reflect.Method.invoke(Method.java:498)
	at sun.reflect.misc.Trampoline.invoke(MethodUtil.java:71)
	at sun.reflect.GeneratedMethodAccessor1.invoke(Unknown Source)
	at sun.reflect.DelegatingMethodAccessorImpl.invoke(DelegatingMethodAccessorImpl.java:43)
	at java.lang.reflect.Method.invoke(Method.java:498)
	at sun.reflect.misc.MethodUtil.invoke(MethodUtil.java:275)
	at javafx.fxml.FXMLLoader$MethodHandler.invoke(FXMLLoader.java:1771)
	at javafx.fxml.FXMLLoader$ControllerMethodEventHandler.handle(FXMLLoader.java:1657)
	at com.sun.javafx.event.CompositeEventHandler.dispatchBubblingEvent(CompositeEventHandler.java:86)
	at com.sun.javafx.event.EventHandlerManager.dispatchBubblingEvent(EventHandlerManager.java:238)
	at com.sun.javafx.event.EventHandlerManager.dispatchBubblingEvent(EventHandlerManager.java:191)
	at com.sun.javafx.event.CompositeEventDispatcher.dispatchBubblingEvent(CompositeEventDispatcher.java:59)
	at com.sun.javafx.event.BasicEventDispatcher.dispatchEvent(BasicEventDispatcher.java:58)
	at com.sun.javafx.event.EventDispatchChainImpl.dispatchEvent(EventDispatchChainImpl.java:114)
	at com.sun.javafx.event.BasicEventDispatcher.dispatchEvent(BasicEventDispatcher.java:56)
	at com.sun.javafx.event.EventDispatchChainImpl.dispatchEvent(EventDispatchChainImpl.java:114)
	at com.sun.javafx.event.BasicEventDispatcher.dispatchEvent(BasicEventDispatcher.java:56)
	at com.sun.javafx.event.EventDispatchChainImpl.dispatchEvent(EventDispatchChainImpl.java:114)
	at com.sun.javafx.event.EventUtil.fireEventImpl(EventUtil.java:74)
	at com.sun.javafx.event.EventUtil.fireEvent(EventUtil.java:49)
	at javafx.event.Event.fireEvent(Event.java:198)
	at javafx.scene.Node.fireEvent(Node.java:8411)
	at javafx.scene.control.Button.fire(Button.java:185)
	at com.sun.javafx.scene.control.behavior.ButtonBehavior.mouseReleased(ButtonBehavior.java:182)
	at com.sun.javafx.scene.control.skin.BehaviorSkinBase$1.handle(BehaviorSkinBase.java:96)
	at com.sun.javafx.scene.control.skin.BehaviorSkinBase$1.handle(BehaviorSkinBase.java:89)
	at com.sun.javafx.event.CompositeEventHandler$NormalEventHandlerRecord.handleBubblingEvent(CompositeEventHandler.java:218)
	at com.sun.javafx.event.CompositeEventHandler.dispatchBubblingEvent(CompositeEventHandler.java:80)
	at com.sun.javafx.event.EventHandlerManager.dispatchBubblingEvent(EventHandlerManager.java:238)
	at com.sun.javafx.event.EventHandlerManager.dispatchBubblingEvent(EventHandlerManager.java:191)
	at com.sun.javafx.event.CompositeEventDispatcher.dispatchBubblingEvent(CompositeEventDispatcher.java:59)
	at com.sun.javafx.event.BasicEventDispatcher.dispatchEvent(BasicEventDispatcher.java:58)
	at com.sun.javafx.event.EventDispatchChainImpl.dispatchEvent(EventDispatchChainImpl.java:114)
	at com.sun.javafx.event.BasicEventDispatcher.dispatchEvent(BasicEventDispatcher.java:56)
	at com.sun.javafx.event.EventDispatchChainImpl.dispatchEvent(EventDispatchChainImpl.java:114)
	at com.sun.javafx.event.BasicEventDispatcher.dispatchEvent(BasicEventDispatcher.java:56)
	at com.sun.javafx.event.EventDispatchChainImpl.dispatchEvent(EventDispatchChainImpl.java:114)
	at com.sun.javafx.event.EventUtil.fireEventImpl(EventUtil.java:74)
	at com.sun.javafx.event.EventUtil.fireEvent(EventUtil.java:54)
	at javafx.event.Event.fireEvent(Event.java:198)
	at javafx.scene.Scene$MouseHandler.process(Scene.java:3757)
	at javafx.scene.Scene$MouseHandler.access$1500(Scene.java:3485)
	at javafx.scene.Scene.impl_processMouseEvent(Scene.java:1762)
	at javafx.scene.Scene$ScenePeerListener.mouseEvent(Scene.java:2494)
	at com.sun.javafx.tk.quantum.GlassViewEventHandler$MouseEventNotification.run(GlassViewEventHandler.java:394)
	at com.sun.javafx.tk.quantum.GlassViewEventHandler$MouseEventNotification.run(GlassViewEventHandler.java:295)
	at java.security.AccessController.doPrivileged(Native Method)
	at com.sun.javafx.tk.quantum.GlassViewEventHandler.lambda$handleMouseEvent$345(GlassViewEventHandler.java:432)
	at com.sun.javafx.tk.quantum.QuantumToolkit.runWithoutRenderLock(QuantumToolkit.java:389)
	at com.sun.javafx.tk.quantum.GlassViewEventHandler.handleMouseEvent(GlassViewEventHandler.java:431)
	at com.sun.glass.ui.View.handleMouseEvent(View.java:555)
	at com.sun.glass.ui.View.notifyMouse(View.java:937)
	at com.sun.glass.ui.gtk.GtkApplication._runLoop(Native Method)
	at com.sun.glass.ui.gtk.GtkApplication.lambda$null$203(GtkApplication.java:139)
	at java.lang.Thread.run(Thread.java:748)
Caused by: java.io.NotSerializableException: sudokulogic.SudokuBoard
	at java.io.ObjectOutputStream.writeObject0(ObjectOutputStream.java:1184)
	at java.io.ObjectOutputStream.writeObject(ObjectOutputStream.java:348)
	at serialization.FileSudokuDao.write(FileSudokuDao.java:90)
	... 59 more
INFO  [JavaFX Application Thread]: Saved to:/home/antoni/Desktop/projects/(4) Component programming/mkw_th_1015_02/files/Sudoku_2019-06-03_12:23:27.txt
INFO  [JavaFX Application Thread]: Clearing sudoku board
ERROR [JavaFX Application Thread]: "error with opening"
exceptions.DaoException: No resource for null.filekey
	at serialization.FileSudokuDao.read(FileSudokuDao.java:71)
	at loadButtonFile(Controller.java:268)
	at sun.reflect.NativeMethodAccessorImpl.invoke0(Native Method)
	at sun.reflect.NativeMethodAccessorImpl.invoke(NativeMethodAccessorImpl.java:62)
	at sun.reflect.DelegatingMethodAccessorImpl.invoke(DelegatingMethodAccessorImpl.java:43)
	at java.lang.reflect.Method.invoke(Method.java:498)
	at sun.reflect.misc.Trampoline.invoke(MethodUtil.java:71)
	at sun.reflect.GeneratedMethodAccessor1.invoke(Unknown Source)
	at sun.reflect.DelegatingMethodAccessorImpl.invoke(DelegatingMethodAccessorImpl.java:43)
	at java.lang.reflect.Method.invoke(Method.java:498)
	at sun.reflect.misc.MethodUtil.invoke(MethodUtil.java:275)
	at javafx.fxml.FXMLLoader$MethodHandler.invoke(FXMLLoader.java:1771)
	at javafx.fxml.FXMLLoader$ControllerMethodEventHandler.handle(FXMLLoader.java:1657)
	at com.sun.javafx.event.CompositeEventHandler.dispatchBubblingEvent(CompositeEventHandler.java:86)
	at com.sun.javafx.event.EventHandlerManager.dispatchBubblingEvent(EventHandlerManager.java:238)
	at com.sun.javafx.event.EventHandlerManager.dispatchBubblingEvent(EventHandlerManager.java:191)
	at com.sun.javafx.event.CompositeEventDispatcher.dispatchBubblingEvent(CompositeEventDispatcher.java:59)
	at com.sun.javafx.event.BasicEventDispatcher.dispatchEvent(BasicEventDispatcher.java:58)
	at com.sun.javafx.event.EventDispatchChainImpl.dispatchEvent(EventDispatchChainImpl.java:114)
	at com.sun.javafx.event.BasicEventDispatcher.dispatchEvent(BasicEventDispatcher.java:56)
	at com.sun.javafx.event.EventDispatchChainImpl.dispatchEvent(EventDispatchChainImpl.java:114)
	at com.sun.javafx.event.BasicEventDispatcher.dispatchEvent(BasicEventDispatcher.java:56)
	at com.sun.javafx.event.EventDispatchChainImpl.dispatchEvent(EventDispatchChainImpl.java:114)
	at com.sun.javafx.event.EventUtil.fireEventImpl(EventUtil.java:74)
	at com.sun.javafx.event.EventUtil.fireEvent(EventUtil.java:49)
	at javafx.event.Event.fireEvent(Event.java:198)
	at javafx.scene.Node.fireEvent(Node.java:8411)
	at javafx.scene.control.Button.fire(Button.java:185)
	at com.sun.javafx.scene.control.behavior.ButtonBehavior.mouseReleased(ButtonBehavior.java:182)
	at com.sun.javafx.scene.control.skin.BehaviorSkinBase$1.handle(BehaviorSkinBase.java:96)
	at com.sun.javafx.scene.control.skin.BehaviorSkinBase$1.handle(BehaviorSkinBase.java:89)
	at com.sun.javafx.event.CompositeEventHandler$NormalEventHandlerRecord.handleBubblingEvent(CompositeEventHandler.java:218)
	at com.sun.javafx.event.CompositeEventHandler.dispatchBubblingEvent(CompositeEventHandler.java:80)
	at com.sun.javafx.event.EventHandlerManager.dispatchBubblingEvent(EventHandlerManager.java:238)
	at com.sun.javafx.event.EventHandlerManager.dispatchBubblingEvent(EventHandlerManager.java:191)
	at com.sun.javafx.event.CompositeEventDispatcher.dispatchBubblingEvent(CompositeEventDispatcher.java:59)
	at com.sun.javafx.event.BasicEventDispatcher.dispatchEvent(BasicEventDispatcher.java:58)
	at com.sun.javafx.event.EventDispatchChainImpl.dispatchEvent(EventDispatchChainImpl.java:114)
	at com.sun.javafx.event.BasicEventDispatcher.dispatchEvent(BasicEventDispatcher.java:56)
	at com.sun.javafx.event.EventDispatchChainImpl.dispatchEvent(EventDispatchChainImpl.java:114)
	at com.sun.javafx.event.BasicEventDispatcher.dispatchEvent(BasicEventDispatcher.java:56)
	at com.sun.javafx.event.EventDispatchChainImpl.dispatchEvent(EventDispatchChainImpl.java:114)
	at com.sun.javafx.event.EventUtil.fireEventImpl(EventUtil.java:74)
	at com.sun.javafx.event.EventUtil.fireEvent(EventUtil.java:54)
	at javafx.event.Event.fireEvent(Event.java:198)
	at javafx.scene.Scene$MouseHandler.process(Scene.java:3757)
	at javafx.scene.Scene$MouseHandler.access$1500(Scene.java:3485)
	at javafx.scene.Scene.impl_processMouseEvent(Scene.java:1762)
	at javafx.scene.Scene$ScenePeerListener.mouseEvent(Scene.java:2494)
	at com.sun.javafx.tk.quantum.GlassViewEventHandler$MouseEventNotification.run(GlassViewEventHandler.java:394)
	at com.sun.javafx.tk.quantum.GlassViewEventHandler$MouseEventNotification.run(GlassViewEventHandler.java:295)
	at java.security.AccessController.doPrivileged(Native Method)
	at com.sun.javafx.tk.quantum.GlassViewEventHandler.lambda$handleMouseEvent$345(GlassViewEventHandler.java:432)
	at com.sun.javafx.tk.quantum.QuantumToolkit.runWithoutRenderLock(QuantumToolkit.java:389)
	at com.sun.javafx.tk.quantum.GlassViewEventHandler.handleMouseEvent(GlassViewEventHandler.java:431)
	at com.sun.glass.ui.View.handleMouseEvent(View.java:555)
	at com.sun.glass.ui.View.notifyMouse(View.java:937)
	at com.sun.glass.ui.gtk.GtkApplication._runLoop(Native Method)
	at com.sun.glass.ui.gtk.GtkApplication.lambda$null$203(GtkApplication.java:139)
	at java.lang.Thread.run(Thread.java:748)
Caused by: java.io.WriteAbortedException: writing aborted; java.io.NotSerializableException: sudokulogic.SudokuBoard
	at java.io.ObjectInputStream.readObject0(ObjectInputStream.java:1577)
	at java.io.ObjectInputStream.readObject(ObjectInputStream.java:431)
	at serialization.FileSudokuDao.read(FileSudokuDao.java:65)
	... 59 more
Caused by: java.io.NotSerializableException: sudokulogic.SudokuBoard
	at java.io.ObjectOutputStream.writeObject0(ObjectOutputStream.java:1184)
	at java.io.ObjectOutputStream.writeObject(ObjectOutputStream.java:348)
	at serialization.FileSudokuDao.write(FileSudokuDao.java:90)
	at saveButtonFile(Controller.java:299)
	... 58 more
INFO  [JavaFX Application Thread]: Loaded form:/home/antoni/Desktop/projects/(4) Component programming/mkw_th_1015_02/files/Sudoku_2019-06-03_12:08:00.txt
INFO  [JavaFX Application Thread]: Controller on
INFO  [JavaFX Application Thread]: Saved to:/home/antoni/Desktop/projects/(4) Component programming/mkw_th_1015_02/files/Sudoku_2019-06-03_12:26:43.txt
INFO  [JavaFX Application Thread]: Controller on
INFO  [JavaFX Application Thread]: Generated new easy sudoku
INFO  [JavaFX Application Thread]: SudokuBoard{
, 7, 8, 2, 9, 1, 6, 3, 5, 4, 
, 5, 1, 4, 3, 8, 2, 6, 7, 9, 
, 9, 6, 3, 4, 7, 5, 1, 2, 8, 
, 1, 9, 6, 8, 5, 7, 4, 3, 2, 
, 8, 4, 5, 1, 2, 3, 9, 6, 7, 
, 3, 2, 7, 6, 4, 9, 8, 1, 5, 
, 6, 7, 9, 2, 3, 8, 5, 4, 1, 
, 2, 3, 1, 5, 9, 4, 7, 8, 6, 
, 4, 5, 8, 7, 6, 1, 2, 9, 3, 
}
INFO  [JavaFX Application Thread]: Saved to:/home/antoni/Desktop/projects/(4) Component programming/mkw_th_1015_02/files/Sudoku_2019-06-03_12:47:05.txt
INFO  [JavaFX Application Thread]: Controller on
INFO  [JavaFX Application Thread]: geneGenerated new hard sudoku
INFO  [JavaFX Application Thread]: SudokuBoard{
, 7, 1, 2, 8, 9, 5, 3, 4, 6, 
, 6, 4, 5, 3, 1, 2, 7, 8, 9, 
, 9, 8, 3, 6, 4, 7, 5, 1, 2, 
, 8, 2, 4, 7, 6, 3, 9, 5, 1, 
, 1, 6, 7, 9, 5, 4, 2, 3, 8, 
, 5, 3, 9, 1, 2, 8, 4, 6, 7, 
, 4, 9, 8, 5, 7, 1, 6, 2, 3, 
, 3, 5, 6, 2, 8, 9, 1, 7, 4, 
, 2, 7, 1, 4, 3, 6, 8, 9, 5, 
}
INFO  [JavaFX Application Thread]: Saved to:files/board.txt
INFO  [JavaFX Application Thread]: Controller on
INFO  [JavaFX Application Thread]: geneGenerated new hard sudoku
INFO  [JavaFX Application Thread]: SudokuBoard{
, 8, 4, 1, 6, 3, 5, 2, 9, 7, 
, 7, 6, 2, 9, 8, 4, 3, 1, 5, 
, 9, 3, 5, 7, 1, 2, 4, 6, 8, 
, 2, 1, 3, 8, 6, 9, 7, 5, 4, 
, 6, 8, 4, 3, 5, 7, 1, 2, 9, 
, 5, 9, 7, 4, 2, 1, 6, 8, 3, 
, 1, 2, 9, 5, 4, 3, 8, 7, 6, 
, 4, 5, 6, 1, 7, 8, 9, 3, 2, 
, 3, 7, 8, 2, 9, 6, 5, 4, 1, 
}
INFO  [JavaFX Application Thread]: Saved to:files/board.txt
INFO  [JavaFX Application Thread]: Controller on
INFO  [JavaFX Application Thread]: Controller on
INFO  [JavaFX Application Thread]: geneGenerated new medium sudoku
INFO  [JavaFX Application Thread]: SudokuBoard{
, 6, 9, 8, 3, 5, 4, 2, 1, 7, 
, 4, 3, 7, 2, 1, 9, 5, 8, 6, 
, 5, 1, 2, 6, 7, 8, 9, 4, 3, 
, 8, 6, 1, 7, 3, 2, 4, 9, 5, 
, 9, 7, 5, 1, 4, 6, 8, 3, 2, 
, 2, 4, 3, 8, 9, 5, 6, 7, 1, 
, 1, 2, 6, 9, 8, 3, 7, 5, 4, 
, 3, 8, 4, 5, 2, 7, 1, 6, 9, 
, 7, 5, 9, 4, 6, 1, 3, 2, 8, 
}
INFO  [JavaFX Application Thread]: Saved to:/home/antoni/Desktop/projects/(4) Component programming/mkw_th_1015_02/files/Sudoku_2019-06-03_12:59:01.txt
INFO  [JavaFX Application Thread]: Saved to:/home/antoni/Desktop/projects/(4) Component programming/mkw_th_1015_02/files/Sudoku_2019-06-03_12:59:07.txt
INFO  [JavaFX Application Thread]: Clearing sudoku board
INFO  [JavaFX Application Thread]: SudokuBoard{
, 8, 4, 1, 0, 3, 5, 2, 9, 7, 
, 0, 6, 2, 0, 8, 4, 0, 0, 5, 
, 9, 0, 0, 7, 1, 0, 0, 0, 8, 
, 0, 1, 0, 8, 0, 9, 0, 0, 0, 
, 6, 0, 4, 3, 5, 7, 1, 0, 9, 
, 0, 0, 0, 0, 2, 1, 6, 0, 0, 
, 0, 2, 0, 5, 4, 3, 8, 7, 6, 
, 4, 5, 0, 0, 7, 8, 9, 3, 2, 
, 3, 7, 8, 2, 0, 6, 5, 4, 0, 
}
INFO  [JavaFX Application Thread]: Loaded form:/home/antoni/Desktop/projects/(4) Component programming/mkw_th_1015_02/files/board.txt
INFO  [JavaFX Application Thread]: Clearing sudoku board
INFO  [JavaFX Application Thread]: SudokuBoard{
, 0, 9, 8, 3, 0, 4, 0, 1, 0, 
, 0, 0, 7, 2, 0, 9, 5, 8, 6, 
, 0, 1, 2, 0, 7, 0, 9, 0, 0, 
, 8, 6, 1, 0, 3, 2, 4, 9, 5, 
, 0, 7, 0, 0, 4, 6, 8, 3, 2, 
, 2, 4, 3, 0, 9, 5, 0, 7, 1, 
, 1, 0, 6, 9, 8, 3, 0, 5, 4, 
, 3, 0, 4, 0, 2, 7, 0, 0, 9, 
, 0, 0, 9, 4, 0, 1, 3, 2, 0, 
}
INFO  [JavaFX Application Thread]: Loaded form:/home/antoni/Desktop/projects/(4) Component programming/mkw_th_1015_02/files/Sudoku_2019-06-03_12:59:01.txt
